info it worked if it ends with ok
verbose cli [ 'node', '/usr/local/bin/npm', 'install' ]
info using npm@1.0.27
info using node@v0.5.0-pre
verbose config file /Users/runaway/.npmrc
verbose config file /usr/local/etc/npmrc
silly testEngine { name: 'node-todo-example',
silly testEngine   version: '0.0.1',
silly testEngine   dependencies: 
silly testEngine    { express: '',
silly testEngine      nodeunit: '',
silly testEngine      underscore: '',
silly testEngine      mongodb: '',
silly testEngine      mongoose: '',
silly testEngine      canvas: '' },
silly testEngine   _npmJsonOpts: 
silly testEngine    { dev: true,
silly testEngine      file: '/Users/runaway/development/GitReponsitroies/canvas-video/package.json',
silly testEngine      wscript: false,
silly testEngine      contributors: false,
silly testEngine      serverjs: true },
silly testEngine   _id: 'node-todo-example@0.0.1',
silly testEngine   scripts: { start: 'node server.js' },
silly testEngine   devDependencies: {},
silly testEngine   engines: { node: '*' },
silly testEngine   _engineSupported: true,
silly testEngine   _npmVersion: '1.0.27',
silly testEngine   _nodeVersion: 'v0.5.0-pre',
silly testEngine   _defaultsLoaded: true }
verbose caching /Users/runaway/development/GitReponsitroies/canvas-video/package.json
verbose loadDefaults node-todo-example@0.0.1
verbose where, deps [ '/Users/runaway/development/GitReponsitroies/canvas-video',
verbose where, deps   [ 'express',
verbose where, deps     'nodeunit',
verbose where, deps     'underscore',
verbose where, deps     'mongodb',
verbose where, deps     'mongoose',
verbose where, deps     'canvas' ] ]
verbose from cache /Users/runaway/development/GitReponsitroies/canvas-video/package.json
info preinstall node-todo-example@0.0.1
silly testEngine { name: 'express',
silly testEngine   description: 'Sinatra inspired web development framework',
silly testEngine   version: '2.4.7',
silly testEngine   author: 
silly testEngine    { name: 'TJ Holowaychuk',
silly testEngine      email: 'tj@vision-media.ca' },
silly testEngine   contributors: 
silly testEngine    [ { name: 'TJ Holowaychuk',
silly testEngine        email: 'tj@vision-media.ca' },
silly testEngine      { name: 'Aaron Heckmann',
silly testEngine        email: 'aaron.heckmann+github@gmail.com' },
silly testEngine      { name: 'Ciaran Jessup', email: 'ciaranj@gmail.com' },
silly testEngine      { name: 'Guillermo Rauch', email: 'rauchg@gmail.com' } ],
silly testEngine   dependencies: 
silly testEngine    { connect: '1.7.x',
silly testEngine      mime: '>= 0.0.1',
silly testEngine      qs: '>= 0.3.1',
silly testEngine      mkdirp: '0.0.7' },
silly testEngine   devDependencies: 
silly testEngine    { 'connect-form': '0.2.1',
silly testEngine      ejs: '0.4.2',
silly testEngine      expresso: '0.7.2',
silly testEngine      hamljs: '0.5.1',
silly testEngine      jade: '0.11.0',
silly testEngine      stylus: '0.13.0',
silly testEngine      should: '0.2.1',
silly testEngine      'express-messages': '0.0.2',
silly testEngine      'node-markdown': '>= 0.0.1',
silly testEngine      'connect-redis': '>= 0.0.1' },
silly testEngine   keywords: [ 'framework', 'sinatra', 'web', 'rest', 'restful' ],
silly testEngine   repository: 
silly testEngine    { type: 'git',
silly testEngine      url: 'git://github.com/visionmedia/express.git' },
silly testEngine   main: 'index',
silly testEngine   bin: { express: './bin/express' },
silly testEngine   scripts: { test: 'make test', prepublish: 'npm prune' },
silly testEngine   engines: { node: '>= 0.4.1 < 0.5.0' },
silly testEngine   _npmJsonOpts: 
silly testEngine    { file: '/Users/runaway/development/GitReponsitroies/canvas-video/node_modules/express/package.json',
silly testEngine      wscript: false,
silly testEngine      contributors: false,
silly testEngine      serverjs: false },
silly testEngine   _id: 'express@2.4.7',
silly testEngine   _engineSupported: true,
silly testEngine   _npmVersion: '1.0.27',
silly testEngine   _nodeVersion: 'v0.5.0-pre',
silly testEngine   _defaultsLoaded: true }
verbose caching /Users/runaway/development/GitReponsitroies/canvas-video/node_modules/express/package.json
verbose loadDefaults express@2.4.7
silly testEngine { name: 'mongodb',
silly testEngine   description: 'A node.js driver for MongoDB',
silly testEngine   keywords: [ 'mongodb', 'mongo', 'driver', 'db' ],
silly testEngine   version: '0.9.6-10',
silly testEngine   author: 
silly testEngine    { name: 'Christian Amor Kvalheim',
silly testEngine      email: 'christkv@gmail.com' },
silly testEngine   contributors: 
silly testEngine    [ { name: 'Aaron Heckmann' },
silly testEngine      { name: 'Christoph Pojer' },
silly testEngine      { name: 'Pau Ramon Revilla' },
silly testEngine      { name: 'Nathan White' },
silly testEngine      { name: 'Emmerman' },
silly testEngine      { name: 'Seth LaForge' },
silly testEngine      { name: 'Boris Filipov' },
silly testEngine      { name: 'Stefan Schärmeli' },
silly testEngine      { name: 'Tedde Lundgren' },
silly testEngine      { name: 'renctan' },
silly testEngine      { name: 'Sergey Ukustov' },
silly testEngine      { name: 'Ciaran Jessup' },
silly testEngine      { name: 'kuno' },
silly testEngine      { name: 'srimonti' },
silly testEngine      { name: 'Erik Abele' },
silly testEngine      { name: 'Pratik Daga' },
silly testEngine      { name: 'Slobodan Utvic' },
silly testEngine      { name: 'Kristina Chodorow' },
silly testEngine      { name: 'Yonathan Randolph' },
silly testEngine      { name: 'Brian Noguchi' },
silly testEngine      { name: 'Sam Epstein' },
silly testEngine      { name: 'James Harrison Fisher' },
silly testEngine      { name: 'Vladimir Dronnikov' },
silly testEngine      { name: 'Ben Hockey' },
silly testEngine      { name: 'Henrik Johansson' },
silly testEngine      { name: 'Simon Weare' },
silly testEngine      { name: 'Alex Gorbatchev' },
silly testEngine      { name: 'Shimon Doodkin' },
silly testEngine      { name: 'Kyle Mueller' },
silly testEngine      { name: 'Eran Hammer-Lahav' },
silly testEngine      { name: 'Marcin Ciszak' },
silly testEngine      { name: 'François de Metz' },
silly testEngine      { name: 'Vinay Pulim' },
silly testEngine      { name: 'nstielau' },
silly testEngine      { name: 'Adam Wiggins' },
silly testEngine      { name: 'entrinzikyl' },
silly testEngine      { name: 'Jeremy Selier' },
silly testEngine      { name: 'Ian Millington' },
silly testEngine      { name: 'Public Keating' },
silly testEngine      { name: 'andrewjstone' },
silly testEngine      { name: 'Christopher Stott' },
silly testEngine      { name: 'Corey Jewett' },
silly testEngine      { name: 'brettkiefer' },
silly testEngine      { name: 'Rob Holland' },
silly testEngine      { name: 'Senmiao Liu' },
silly testEngine      { name: 'heroic' },
silly testEngine      { name: 'gitfy' } ],
silly testEngine   repository: 
silly testEngine    { type: 'git',
silly testEngine      url: 'git://github.com/christkv/node-mongodb-native.git' },
silly testEngine   bugs: 
silly testEngine    { email: 'node-mongodb-native@googlegroups.com',
silly testEngine      url: 'http://github.com/christkv/node-mongodb-native/issues' },
silly testEngine   os: [ 'linux', 'darwin', 'freebsd' ],
silly testEngine   config: { native: false },
silly testEngine   main: './lib/mongodb/index',
silly testEngine   directories: { lib: './lib/mongodb' },
silly testEngine   engines: { node: '>=0.4.0' },
silly testEngine   scripts: { install: 'bash ./install.sh' },
silly testEngine   licenses: 
silly testEngine    [ { type: 'Apache License, Version 2.0',
silly testEngine        url: 'http://www.apache.org/licenses/LICENSE-2.0' } ],
silly testEngine   _npmJsonOpts: 
silly testEngine    { file: '/Users/runaway/development/GitReponsitroies/canvas-video/node_modules/mongodb/package.json',
silly testEngine      wscript: false,
silly testEngine      contributors: false,
silly testEngine      serverjs: false },
silly testEngine   _id: 'mongodb@0.9.6-10',
silly testEngine   dependencies: {},
silly testEngine   devDependencies: {},
silly testEngine   _engineSupported: true,
silly testEngine   _npmVersion: '1.0.27',
silly testEngine   _nodeVersion: 'v0.5.0-pre',
silly testEngine   _defaultsLoaded: true }
verbose caching /Users/runaway/development/GitReponsitroies/canvas-video/node_modules/mongodb/package.json
verbose loadDefaults mongodb@0.9.6-10
silly testEngine { name: 'mongoose',
silly testEngine   description: 'Mongoose MongoDB ORM',
silly testEngine   version: '2.1.2',
silly testEngine   author: 
silly testEngine    { name: 'Guillermo Rauch',
silly testEngine      email: 'guillermo@learnboost.com' },
silly testEngine   keywords: 
silly testEngine    [ 'mongodb',
silly testEngine      'mongoose',
silly testEngine      'orm',
silly testEngine      'data',
silly testEngine      'datastore',
silly testEngine      'nosql' ],
silly testEngine   dependencies: { hooks: '0.1.9', mongodb: '0.9.6-7', colors: '0.5.0' },
silly testEngine   devDependencies: { should: '0.2.1', gleak: '0.1.0' },
silly testEngine   directories: { lib: './lib/mongoose' },
silly testEngine   scripts: { test: 'make test' },
silly testEngine   main: './index.js',
silly testEngine   engines: { node: '>= 0.4.0' },
silly testEngine   repository: 
silly testEngine    { type: 'git',
silly testEngine      url: 'git://github.com/LearnBoost/mongoose.git' },
silly testEngine   _npmJsonOpts: 
silly testEngine    { file: '/Users/runaway/development/GitReponsitroies/canvas-video/node_modules/mongoose/package.json',
silly testEngine      wscript: false,
silly testEngine      contributors: false,
silly testEngine      serverjs: false },
silly testEngine   _id: 'mongoose@2.1.2',
silly testEngine   _engineSupported: true,
silly testEngine   _npmVersion: '1.0.27',
silly testEngine   _nodeVersion: 'v0.5.0-pre',
silly testEngine   _defaultsLoaded: true }
verbose caching /Users/runaway/development/GitReponsitroies/canvas-video/node_modules/mongoose/package.json
verbose loadDefaults mongoose@2.1.2
silly testEngine { name: 'nodeunit',
silly testEngine   description: 'Easy unit testing for node.js and the browser.',
silly testEngine   maintainers: 
silly testEngine    [ { name: 'Caolan McMahon',
silly testEngine        url: 'https://github.com/caolan' } ],
silly testEngine   contributors: 
silly testEngine    [ { name: 'Alex Gorbatchev',
silly testEngine        url: 'https://github.com/alexgorbatchev' },
silly testEngine      { name: 'Alex Wolfe',
silly testEngine        url: 'https://github.com/alexkwolfe' },
silly testEngine      { name: 'Carl Fürstenberg',
silly testEngine        url: 'https://github.com/azatoth' },
silly testEngine      { name: 'Gerad Suyderhoud',
silly testEngine        url: 'https://github.com/gerad' },
silly testEngine      { name: 'Kadir Pekel',
silly testEngine        url: 'https://github.com/coffeemate' },
silly testEngine      { name: 'Oleg Efimov',
silly testEngine        url: 'https://github.com/Sannis' },
silly testEngine      { name: 'Orlando Vazquez',
silly testEngine        url: 'https://github.com/orlandov' },
silly testEngine      { name: 'Ryan Dahl', url: 'https://github.com/ry' },
silly testEngine      { name: 'Sam Stephenson',
silly testEngine        url: 'https://github.com/sstephenson' },
silly testEngine      { name: 'Thomas Mayfield',
silly testEngine        url: 'https://github.com/thegreatape' },
silly testEngine      { name: 'Elijah Insua',
silly testEngine        email: 'tmpvar@gmail.com',
silly testEngine        url: 'http://tmpvar.com' } ],
silly testEngine   version: '0.5.3',
silly testEngine   repository: 
silly testEngine    { type: 'git',
silly testEngine      url: 'git://github.com/caolan/nodeunit.git' },
silly testEngine   bugs: { url: 'http://github.com/caolan/nodeunit/issues' },
silly testEngine   licenses: 
silly testEngine    [ { type: 'MIT',
silly testEngine        url: 'http://github.com/caolan/nodeunit/raw/master/LICENSE' } ],
silly testEngine   directories: { lib: './lib', doc: './doc', man: './man1' },
silly testEngine   bin: { nodeunit: './bin/nodeunit' },
silly testEngine   _npmJsonOpts: 
silly testEngine    { file: '/Users/runaway/development/GitReponsitroies/canvas-video/node_modules/nodeunit/package.json',
silly testEngine      wscript: false,
silly testEngine      contributors: false,
silly testEngine      serverjs: false },
silly testEngine   _id: 'nodeunit@0.5.3',
silly testEngine   dependencies: {},
silly testEngine   devDependencies: {},
silly testEngine   engines: { node: '*' },
silly testEngine   _engineSupported: true,
silly testEngine   _npmVersion: '1.0.27',
silly testEngine   _nodeVersion: 'v0.5.0-pre',
silly testEngine   _defaultsLoaded: true,
silly testEngine   man: [ 'man1/nodeunit.1' ] }
verbose caching /Users/runaway/development/GitReponsitroies/canvas-video/node_modules/nodeunit/package.json
verbose loadDefaults nodeunit@0.5.3
silly testEngine { name: 'underscore',
silly testEngine   description: 'JavaScript\'s functional programming helper library.',
silly testEngine   homepage: 'http://documentcloud.github.com/underscore/',
silly testEngine   keywords: [ 'util', 'functional', 'server', 'client', 'browser' ],
silly testEngine   author: 
silly testEngine    { name: 'Jeremy Ashkenas',
silly testEngine      email: 'jeremy@documentcloud.org' },
silly testEngine   contributors: [],
silly testEngine   dependencies: {},
silly testEngine   repository: 
silly testEngine    { type: 'git',
silly testEngine      url: 'git://github.com/documentcloud/underscore.git' },
silly testEngine   main: 'underscore.js',
silly testEngine   version: '1.1.7',
silly testEngine   _npmJsonOpts: 
silly testEngine    { file: '/Users/runaway/development/GitReponsitroies/canvas-video/node_modules/underscore/package.json',
silly testEngine      wscript: false,
silly testEngine      contributors: false,
silly testEngine      serverjs: false },
silly testEngine   _id: 'underscore@1.1.7',
silly testEngine   devDependencies: {},
silly testEngine   engines: { node: '*' },
silly testEngine   _engineSupported: true,
silly testEngine   _npmVersion: '1.0.27',
silly testEngine   _nodeVersion: 'v0.5.0-pre',
silly testEngine   _defaultsLoaded: true }
verbose caching /Users/runaway/development/GitReponsitroies/canvas-video/node_modules/underscore/package.json
verbose loadDefaults underscore@1.1.7
verbose from cache /Users/runaway/development/GitReponsitroies/canvas-video/package.json
verbose into /Users/runaway/development/GitReponsitroies/canvas-video [ 'express@',
verbose into /Users/runaway/development/GitReponsitroies/canvas-video   'nodeunit@',
verbose into /Users/runaway/development/GitReponsitroies/canvas-video   'underscore@',
verbose into /Users/runaway/development/GitReponsitroies/canvas-video   'mongodb@',
verbose into /Users/runaway/development/GitReponsitroies/canvas-video   'mongoose@',
verbose into /Users/runaway/development/GitReponsitroies/canvas-video   'canvas@' ]
verbose from cache /Users/runaway/development/GitReponsitroies/canvas-video/node_modules/express/package.json
verbose from cache /Users/runaway/development/GitReponsitroies/canvas-video/node_modules/mongodb/package.json
verbose from cache /Users/runaway/development/GitReponsitroies/canvas-video/node_modules/mongoose/package.json
verbose from cache /Users/runaway/development/GitReponsitroies/canvas-video/node_modules/nodeunit/package.json
verbose from cache /Users/runaway/development/GitReponsitroies/canvas-video/node_modules/underscore/package.json
verbose already installed in /Users/runaway/development/GitReponsitroies/canvas-video skipping mongodb@
verbose already installed in /Users/runaway/development/GitReponsitroies/canvas-video skipping mongoose@
verbose cache add canvas@
verbose cache add [ 'canvas@', null ]
silly cache add: name, spec, args [ undefined, 'canvas@', [ 'canvas@', null ] ]
verbose parsed url { pathname: 'canvas@', href: 'canvas@' }
silly cache add: name, spec, args [ 'canvas', '', [ 'canvas', '' ] ]
verbose parsed url { href: '' }
info addNamed [ 'canvas', '' ]
verbose addNamed [ null, '' ]
verbose already installed in /Users/runaway/development/GitReponsitroies/canvas-video skipping express@
verbose GET canvas
verbose raw, before any munging canvas
verbose url resolving [ 'https://registry.npmjs.org/', './canvas' ]
verbose url resolved https://registry.npmjs.org/canvas
verbose url parsed { protocol: 'https:',
verbose url parsed   slashes: true,
verbose url parsed   host: 'registry.npmjs.org',
verbose url parsed   hostname: 'registry.npmjs.org',
verbose url parsed   href: 'https://registry.npmjs.org/canvas',
verbose url parsed   pathname: '/canvas' }
verbose etag "CGK65L7COJ1S10TAULYTRQPT3"
verbose already installed in /Users/runaway/development/GitReponsitroies/canvas-video skipping nodeunit@
verbose already installed in /Users/runaway/development/GitReponsitroies/canvas-video skipping underscore@
verbose response https://registry.npmjs.org/canvas
silly get cb [ 304,
silly get cb   { server: 'CouchDB/1.1.0 (Erlang OTP/R14B03)',
silly get cb     etag: '"CGK65L7COJ1S10TAULYTRQPT3"',
silly get cb     date: 'Sat, 22 Oct 2011 23:38:32 GMT',
silly get cb     'content-length': '0' } ]
verbose etag canvas from cache
verbose GET canvas/0.7.3
verbose raw, before any munging canvas/0.7.3
verbose url resolving [ 'https://registry.npmjs.org/', './canvas/0.7.3' ]
verbose url resolved https://registry.npmjs.org/canvas/0.7.3
verbose url parsed { protocol: 'https:',
verbose url parsed   slashes: true,
verbose url parsed   host: 'registry.npmjs.org',
verbose url parsed   hostname: 'registry.npmjs.org',
verbose url parsed   href: 'https://registry.npmjs.org/canvas/0.7.3',
verbose url parsed   pathname: '/canvas/0.7.3' }
verbose etag "CGK65L7COJ1S10TAULYTRQPT3"
verbose response https://registry.npmjs.org/canvas/0.7.3
silly get cb [ 304,
silly get cb   { server: 'CouchDB/1.1.0 (Erlang OTP/R14B03)',
silly get cb     etag: '"CGK65L7COJ1S10TAULYTRQPT3"',
silly get cb     date: 'Sat, 22 Oct 2011 23:38:34 GMT',
silly get cb     'content-length': '0' } ]
verbose etag canvas/0.7.3 from cache
verbose bin dist [ null,
verbose bin dist   { shasum: '638e3c5596d2fb90bbfb891674a1bc898a376ff1',
verbose bin dist     tarball: 'http://registry.npmjs.org/canvas/-/canvas-0.7.3.tgz' } ]
verbose has wscript [ undefined,
verbose has wscript   { file: '/Users/runaway/.npm/canvas/0.7.3/package/package.json',
verbose has wscript     contributors: false,
verbose has wscript     serverjs: false,
verbose has wscript     wscript: true } ]
silly testEngine { name: 'canvas',
silly testEngine   description: 'Canvas graphics API backed by Cairo',
silly testEngine   version: '0.7.3',
silly testEngine   author: { name: 'TJ Holowaychuk', email: 'tj@learnboost.com' },
silly testEngine   keywords: [ 'canvas', 'graphic', 'graphics', 'pixman', 'cairo' ],
silly testEngine   repository: 
silly testEngine    { type: 'git',
silly testEngine      url: 'git://github.com/learnboost/node-canvas.git' },
silly testEngine   scripts: { preinstall: 'node-waf configure build' },
silly testEngine   devDependencies: { express: '2.3.7', expresso: '0.7.6', jade: '0.11.0' },
silly testEngine   engines: { node: '>= 0.4.0 && < 0.6.0' },
silly testEngine   main: './lib/canvas.js',
silly testEngine   _npmJsonOpts: 
silly testEngine    { file: '/Users/runaway/.npm/canvas/0.7.3/package/package.json',
silly testEngine      contributors: false,
silly testEngine      serverjs: false,
silly testEngine      wscript: true },
silly testEngine   _id: 'canvas@0.7.3',
silly testEngine   dependencies: {},
silly testEngine   _engineSupported: true,
silly testEngine   _npmVersion: '1.0.27',
silly testEngine   _nodeVersion: 'v0.5.0-pre',
silly testEngine   _defaultsLoaded: true }
verbose caching /Users/runaway/.npm/canvas/0.7.3/package/package.json
verbose loadDefaults canvas@0.7.3
silly resolved [ { name: 'canvas',
silly resolved     description: 'Canvas graphics API backed by Cairo',
silly resolved     version: '0.7.3',
silly resolved     author: { name: 'TJ Holowaychuk', email: 'tj@learnboost.com' },
silly resolved     keywords: [ 'canvas', 'graphic', 'graphics', 'pixman', 'cairo' ],
silly resolved     repository: 
silly resolved      { type: 'git',
silly resolved        url: 'git://github.com/learnboost/node-canvas.git' },
silly resolved     scripts: { preinstall: 'node-waf configure build' },
silly resolved     devDependencies: { express: '2.3.7', expresso: '0.7.6', jade: '0.11.0' },
silly resolved     engines: { node: '>= 0.4.0 && < 0.6.0' },
silly resolved     main: './lib/canvas.js',
silly resolved     _npmJsonOpts: 
silly resolved      { file: '/Users/runaway/.npm/canvas/0.7.3/package/package.json',
silly resolved        contributors: false,
silly resolved        serverjs: false,
silly resolved        wscript: true },
silly resolved     _id: 'canvas@0.7.3',
silly resolved     dependencies: {},
silly resolved     _engineSupported: true,
silly resolved     _npmVersion: '1.0.27',
silly resolved     _nodeVersion: 'v0.5.0-pre',
silly resolved     _defaultsLoaded: true } ]
info into /Users/runaway/development/GitReponsitroies/canvas-video canvas@0.7.3
info installOne canvas@0.7.3
info unbuild /Users/runaway/development/GitReponsitroies/canvas-video/node_modules/canvas
verbose from cache /Users/runaway/.npm/canvas/0.7.3/package/package.json
verbose mkdir (expected) error ENOENT, No such file or directory '/Users/runaway/development/GitReponsitroies/canvas-video/node_modules/___canvas.npm'
verbose mkdir done: /Users/runaway/development/GitReponsitroies/canvas-video/node_modules/___canvas.npm 755
verbose unpack_ uid, gid [ undefined, undefined ]
verbose unpackTarget /Users/runaway/development/GitReponsitroies/canvas-video/node_modules/canvas
silly gunzTarPerm modes [ '755', '644' ]
verbose success gzip "--decompress" "--stdout" "/Users/runaway/.npm/canvas/0.7.3/package.tgz"
verbose success tar "-mvxpf" "-" "-o" "-C" "/Users/runaway/development/GitReponsitroies/canvas-video/node_modules/___canvas.npm"
silly asyncMap in gTP /Users/runaway/development/GitReponsitroies/canvas-video/node_modules/___canvas.npm/package/
silly asyncMap in gTP /Users/runaway/development/GitReponsitroies/canvas-video/node_modules/___canvas.npm/package/.gitignore
silly asyncMap in gTP /Users/runaway/development/GitReponsitroies/canvas-video/node_modules/___canvas.npm/package/.gitmodules
silly asyncMap in gTP /Users/runaway/development/GitReponsitroies/canvas-video/node_modules/___canvas.npm/package/.npmignore
silly asyncMap in gTP /Users/runaway/development/GitReponsitroies/canvas-video/node_modules/___canvas.npm/package/History.md
silly asyncMap in gTP /Users/runaway/development/GitReponsitroies/canvas-video/node_modules/___canvas.npm/package/index.js
silly asyncMap in gTP /Users/runaway/development/GitReponsitroies/canvas-video/node_modules/___canvas.npm/package/install
silly asyncMap in gTP /Users/runaway/development/GitReponsitroies/canvas-video/node_modules/___canvas.npm/package/Makefile
silly asyncMap in gTP /Users/runaway/development/GitReponsitroies/canvas-video/node_modules/___canvas.npm/package/package.json
silly asyncMap in gTP /Users/runaway/development/GitReponsitroies/canvas-video/node_modules/___canvas.npm/package/Readme.md
silly asyncMap in gTP /Users/runaway/development/GitReponsitroies/canvas-video/node_modules/___canvas.npm/package/test.png
silly asyncMap in gTP /Users/runaway/development/GitReponsitroies/canvas-video/node_modules/___canvas.npm/package/wscript
silly asyncMap in gTP /Users/runaway/development/GitReponsitroies/canvas-video/node_modules/___canvas.npm/package/benchmarks/
silly asyncMap in gTP /Users/runaway/development/GitReponsitroies/canvas-video/node_modules/___canvas.npm/package/benchmarks/run.js
silly asyncMap in gTP /Users/runaway/development/GitReponsitroies/canvas-video/node_modules/___canvas.npm/package/lib/
silly asyncMap in gTP /Users/runaway/development/GitReponsitroies/canvas-video/node_modules/___canvas.npm/package/lib/canvas.js
silly asyncMap in gTP /Users/runaway/development/GitReponsitroies/canvas-video/node_modules/___canvas.npm/package/lib/context2d.js
silly asyncMap in gTP /Users/runaway/development/GitReponsitroies/canvas-video/node_modules/___canvas.npm/package/lib/image.js
silly asyncMap in gTP /Users/runaway/development/GitReponsitroies/canvas-video/node_modules/___canvas.npm/package/lib/pixelarray.js
silly asyncMap in gTP /Users/runaway/development/GitReponsitroies/canvas-video/node_modules/___canvas.npm/package/lib/pngstream.js
silly asyncMap in gTP /Users/runaway/development/GitReponsitroies/canvas-video/node_modules/___canvas.npm/package/src/
silly asyncMap in gTP /Users/runaway/development/GitReponsitroies/canvas-video/node_modules/___canvas.npm/package/src/Canvas.cc
silly asyncMap in gTP /Users/runaway/development/GitReponsitroies/canvas-video/node_modules/___canvas.npm/package/src/Canvas.h
silly asyncMap in gTP /Users/runaway/development/GitReponsitroies/canvas-video/node_modules/___canvas.npm/package/src/CanvasGradient.cc
silly asyncMap in gTP /Users/runaway/development/GitReponsitroies/canvas-video/node_modules/___canvas.npm/package/src/CanvasGradient.h
silly asyncMap in gTP /Users/runaway/development/GitReponsitroies/canvas-video/node_modules/___canvas.npm/package/src/CanvasRenderingContext2d.cc
silly asyncMap in gTP /Users/runaway/development/GitReponsitroies/canvas-video/node_modules/___canvas.npm/package/src/CanvasRenderingContext2d.h
silly asyncMap in gTP /Users/runaway/development/GitReponsitroies/canvas-video/node_modules/___canvas.npm/package/src/closure.h
silly asyncMap in gTP /Users/runaway/development/GitReponsitroies/canvas-video/node_modules/___canvas.npm/package/src/color.cc
silly asyncMap in gTP /Users/runaway/development/GitReponsitroies/canvas-video/node_modules/___canvas.npm/package/src/color.h
silly asyncMap in gTP /Users/runaway/development/GitReponsitroies/canvas-video/node_modules/___canvas.npm/package/src/Image.cc
silly asyncMap in gTP /Users/runaway/development/GitReponsitroies/canvas-video/node_modules/___canvas.npm/package/src/Image.h
silly asyncMap in gTP /Users/runaway/development/GitReponsitroies/canvas-video/node_modules/___canvas.npm/package/src/ImageData.cc
silly asyncMap in gTP /Users/runaway/development/GitReponsitroies/canvas-video/node_modules/___canvas.npm/package/src/ImageData.h
silly asyncMap in gTP /Users/runaway/development/GitReponsitroies/canvas-video/node_modules/___canvas.npm/package/src/init.cc
silly asyncMap in gTP /Users/runaway/development/GitReponsitroies/canvas-video/node_modules/___canvas.npm/package/src/PixelArray.cc
silly asyncMap in gTP /Users/runaway/development/GitReponsitroies/canvas-video/node_modules/___canvas.npm/package/src/PixelArray.h
silly asyncMap in gTP /Users/runaway/development/GitReponsitroies/canvas-video/node_modules/___canvas.npm/package/src/Point.h
silly asyncMap in gTP /Users/runaway/development/GitReponsitroies/canvas-video/node_modules/___canvas.npm/package/examples/
silly asyncMap in gTP /Users/runaway/development/GitReponsitroies/canvas-video/node_modules/___canvas.npm/package/examples/clock.js
silly asyncMap in gTP /Users/runaway/development/GitReponsitroies/canvas-video/node_modules/___canvas.npm/package/examples/clock.png
silly asyncMap in gTP /Users/runaway/development/GitReponsitroies/canvas-video/node_modules/___canvas.npm/package/examples/globalAlpha.js
silly asyncMap in gTP /Users/runaway/development/GitReponsitroies/canvas-video/node_modules/___canvas.npm/package/examples/gradients.js
silly asyncMap in gTP /Users/runaway/development/GitReponsitroies/canvas-video/node_modules/___canvas.npm/package/examples/image-src.js
silly asyncMap in gTP /Users/runaway/development/GitReponsitroies/canvas-video/node_modules/___canvas.npm/package/examples/image-src.png
silly asyncMap in gTP /Users/runaway/development/GitReponsitroies/canvas-video/node_modules/___canvas.npm/package/examples/kraken.js
silly asyncMap in gTP /Users/runaway/development/GitReponsitroies/canvas-video/node_modules/___canvas.npm/package/examples/kraken.png
silly asyncMap in gTP /Users/runaway/development/GitReponsitroies/canvas-video/node_modules/___canvas.npm/package/examples/live-clock.js
silly asyncMap in gTP /Users/runaway/development/GitReponsitroies/canvas-video/node_modules/___canvas.npm/package/examples/ray.js
silly asyncMap in gTP /Users/runaway/development/GitReponsitroies/canvas-video/node_modules/___canvas.npm/package/examples/resize.js
silly asyncMap in gTP /Users/runaway/development/GitReponsitroies/canvas-video/node_modules/___canvas.npm/package/examples/rhill-voronoi-core-min.js
silly asyncMap in gTP /Users/runaway/development/GitReponsitroies/canvas-video/node_modules/___canvas.npm/package/examples/spark.js
silly asyncMap in gTP /Users/runaway/development/GitReponsitroies/canvas-video/node_modules/___canvas.npm/package/examples/state.js
silly asyncMap in gTP /Users/runaway/development/GitReponsitroies/canvas-video/node_modules/___canvas.npm/package/examples/text.js
silly asyncMap in gTP /Users/runaway/development/GitReponsitroies/canvas-video/node_modules/___canvas.npm/package/examples/text.png
silly asyncMap in gTP /Users/runaway/development/GitReponsitroies/canvas-video/node_modules/___canvas.npm/package/examples/voronoi.js
silly asyncMap in gTP /Users/runaway/development/GitReponsitroies/canvas-video/node_modules/___canvas.npm/package/examples/images/
silly asyncMap in gTP /Users/runaway/development/GitReponsitroies/canvas-video/node_modules/___canvas.npm/package/examples/images/squid.png
silly asyncMap in gTP /Users/runaway/development/GitReponsitroies/canvas-video/node_modules/___canvas.npm/package/testing/
silly asyncMap in gTP /Users/runaway/development/GitReponsitroies/canvas-video/node_modules/___canvas.npm/package/testing/__template__.js
silly asyncMap in gTP /Users/runaway/development/GitReponsitroies/canvas-video/node_modules/___canvas.npm/package/testing/index.html
silly asyncMap in gTP /Users/runaway/development/GitReponsitroies/canvas-video/node_modules/___canvas.npm/package/testing/playback.js
silly asyncMap in gTP /Users/runaway/development/GitReponsitroies/canvas-video/node_modules/___canvas.npm/package/testing/server.js
silly asyncMap in gTP /Users/runaway/development/GitReponsitroies/canvas-video/node_modules/___canvas.npm/package/testing/test.js
silly asyncMap in gTP /Users/runaway/development/GitReponsitroies/canvas-video/node_modules/___canvas.npm/package/testing/test.png
silly asyncMap in gTP /Users/runaway/development/GitReponsitroies/canvas-video/node_modules/___canvas.npm/package/testing/video.webm
silly asyncMap in gTP /Users/runaway/development/GitReponsitroies/canvas-video/node_modules/___canvas.npm/package/testing/images/
silly asyncMap in gTP /Users/runaway/development/GitReponsitroies/canvas-video/node_modules/___canvas.npm/package/testing/images/drupal.gif
silly asyncMap in gTP /Users/runaway/development/GitReponsitroies/canvas-video/node_modules/___canvas.npm/package/testing/textures/
silly asyncMap in gTP /Users/runaway/development/GitReponsitroies/canvas-video/node_modules/___canvas.npm/package/testing/textures/black-marble.png
silly asyncMap in gTP /Users/runaway/development/GitReponsitroies/canvas-video/node_modules/___canvas.npm/package/testing/textures/dark-green-marble.png
silly asyncMap in gTP /Users/runaway/development/GitReponsitroies/canvas-video/node_modules/___canvas.npm/package/testing/textures/gif
silly asyncMap in gTP /Users/runaway/development/GitReponsitroies/canvas-video/node_modules/___canvas.npm/package/testing/textures/happy.png
silly asyncMap in gTP /Users/runaway/development/GitReponsitroies/canvas-video/node_modules/___canvas.npm/package/testing/textures/jpeg
silly asyncMap in gTP /Users/runaway/development/GitReponsitroies/canvas-video/node_modules/___canvas.npm/package/testing/textures/onix-pina.png
silly asyncMap in gTP /Users/runaway/development/GitReponsitroies/canvas-video/node_modules/___canvas.npm/package/test/
silly asyncMap in gTP /Users/runaway/development/GitReponsitroies/canvas-video/node_modules/___canvas.npm/package/test/canvas.test.js
silly asyncMap in gTP /Users/runaway/development/GitReponsitroies/canvas-video/node_modules/___canvas.npm/package/test/image.test.js
silly asyncMap in gTP /Users/runaway/development/GitReponsitroies/canvas-video/node_modules/___canvas.npm/package/test/server.js
silly asyncMap in gTP /Users/runaway/development/GitReponsitroies/canvas-video/node_modules/___canvas.npm/package/test/fixtures/
silly asyncMap in gTP /Users/runaway/development/GitReponsitroies/canvas-video/node_modules/___canvas.npm/package/test/fixtures/clock.png
silly asyncMap in gTP /Users/runaway/development/GitReponsitroies/canvas-video/node_modules/___canvas.npm/package/test/public/
silly asyncMap in gTP /Users/runaway/development/GitReponsitroies/canvas-video/node_modules/___canvas.npm/package/test/public/app.js
silly asyncMap in gTP /Users/runaway/development/GitReponsitroies/canvas-video/node_modules/___canvas.npm/package/test/public/face.jpeg
silly asyncMap in gTP /Users/runaway/development/GitReponsitroies/canvas-video/node_modules/___canvas.npm/package/test/public/state.png
silly asyncMap in gTP /Users/runaway/development/GitReponsitroies/canvas-video/node_modules/___canvas.npm/package/test/public/style.css
silly asyncMap in gTP /Users/runaway/development/GitReponsitroies/canvas-video/node_modules/___canvas.npm/package/test/public/tests.js
silly asyncMap in gTP /Users/runaway/development/GitReponsitroies/canvas-video/node_modules/___canvas.npm/package/test/views/
silly asyncMap in gTP /Users/runaway/development/GitReponsitroies/canvas-video/node_modules/___canvas.npm/package/test/views/layout.jade
silly asyncMap in gTP /Users/runaway/development/GitReponsitroies/canvas-video/node_modules/___canvas.npm/package/test/views/tests.jade
verbose gunzed /Users/runaway/development/GitReponsitroies/canvas-video/node_modules/___canvas.npm/package
verbose rm'ed /Users/runaway/development/GitReponsitroies/canvas-video/node_modules/canvas
verbose renamed [ '/Users/runaway/development/GitReponsitroies/canvas-video/node_modules/___canvas.npm/package',
verbose renamed   '/Users/runaway/development/GitReponsitroies/canvas-video/node_modules/canvas' ]
verbose has wscript [ undefined,
verbose has wscript   { file: '/Users/runaway/development/GitReponsitroies/canvas-video/node_modules/canvas/package.json',
verbose has wscript     contributors: false,
verbose has wscript     serverjs: false,
verbose has wscript     wscript: true } ]
silly testEngine { name: 'canvas',
silly testEngine   description: 'Canvas graphics API backed by Cairo',
silly testEngine   version: '0.7.3',
silly testEngine   author: { name: 'TJ Holowaychuk', email: 'tj@learnboost.com' },
silly testEngine   keywords: [ 'canvas', 'graphic', 'graphics', 'pixman', 'cairo' ],
silly testEngine   repository: 
silly testEngine    { type: 'git',
silly testEngine      url: 'git://github.com/learnboost/node-canvas.git' },
silly testEngine   scripts: { preinstall: 'node-waf configure build' },
silly testEngine   devDependencies: { express: '2.3.7', expresso: '0.7.6', jade: '0.11.0' },
silly testEngine   engines: { node: '>= 0.4.0 && < 0.6.0' },
silly testEngine   main: './lib/canvas.js',
silly testEngine   _npmJsonOpts: 
silly testEngine    { file: '/Users/runaway/development/GitReponsitroies/canvas-video/node_modules/canvas/package.json',
silly testEngine      contributors: false,
silly testEngine      serverjs: false,
silly testEngine      wscript: true },
silly testEngine   _id: 'canvas@0.7.3',
silly testEngine   dependencies: {},
silly testEngine   _engineSupported: true,
silly testEngine   _npmVersion: '1.0.27',
silly testEngine   _nodeVersion: 'v0.5.0-pre',
silly testEngine   _defaultsLoaded: true }
verbose caching /Users/runaway/development/GitReponsitroies/canvas-video/node_modules/canvas/package.json
verbose loadDefaults canvas@0.7.3
info preinstall canvas@0.7.3
verbose unsafe-perm in lifecycle true
silly exec sh "-c" "node-waf configure build"
info canvas@0.7.3 Failed to exec preinstall script
ERR! error installing canvas@0.7.3 Error: canvas@0.7.3 preinstall: `node-waf configure build`
ERR! error installing canvas@0.7.3 `sh "-c" "node-waf configure build"` failed with 1
ERR! error installing canvas@0.7.3     at ChildProcess.<anonymous> (/usr/local/lib/node_modules/npm/lib/utils/exec.js:49:20)
ERR! error installing canvas@0.7.3     at ChildProcess.emit (events.js:67:17)
ERR! error installing canvas@0.7.3     at ChildProcess.onexit (child_process.js:246:12)
info unbuild /Users/runaway/development/GitReponsitroies/canvas-video/node_modules/canvas
verbose from cache /Users/runaway/development/GitReponsitroies/canvas-video/node_modules/canvas/package.json
info preuninstall canvas@0.7.3
info uninstall canvas@0.7.3
verbose unbuild canvas@0.7.3 [ false,
verbose unbuild canvas@0.7.3   '/usr/local/lib/node_modules',
verbose unbuild canvas@0.7.3   '/Users/runaway/development/GitReponsitroies/canvas-video/node_modules' ]
info postuninstall canvas@0.7.3
verbose installOne cb canvas@0.7.3
ERR! canvas@0.7.3 preinstall: `node-waf configure build`
ERR! `sh "-c" "node-waf configure build"` failed with 1
ERR! 
ERR! Failed at the canvas@0.7.3 preinstall script.
ERR! This is most likely a problem with the canvas package,
ERR! not with npm itself.
ERR! Tell the author that this fails on your system:
ERR!     node-waf configure build
ERR! You can get their info via:
ERR!     npm owner ls canvas
ERR! There is likely additional logging output above.
ERR! 
ERR! System Darwin 11.0.0
ERR! command "node" "/usr/local/bin/npm" "install"
ERR! cwd /Users/runaway/development/GitReponsitroies/canvas-video
ERR! node -v v0.5.0-pre
ERR! npm -v 1.0.27
verbose exit [ 1, true ]
